<?xml version="1.0" encoding="UTF-8"?>
<testng-results ignored="2" total="3" passed="0" failed="1" skipped="0">
  <reporter-output>
    <line>
      <![CDATA[----- Database Connected-------]]>
    </line>
    <line>
      <![CDATA[Pre condition]]>
    </line>
    <line>
      <![CDATA[-----Launching the Browser]]>
    </line>
    <line>
      <![CDATA[------Login------]]>
    </line>
    <line>
      <![CDATA[--------LogOut]]>
    </line>
    <line>
      <![CDATA[Close Browser]]>
    </line>
    <line>
      <![CDATA[Post condition]]>
    </line>
    <line>
      <![CDATA[-----Close DB, Report backUp------]]>
    </line>
  </reporter-output>
  <suite started-at="2025-02-28T20:41:26 IST" name="Default suite" finished-at="2025-02-28T20:41:44 IST" duration-ms="18303">
    <groups>
    </groups>
    <test started-at="2025-02-28T20:41:26 IST" name="Default test" finished-at="2025-02-28T20:41:44 IST" duration-ms="18303">
      <class name="organization.orgTest">
        <test-method is-config="true" signature="configBS()[pri:0, instance:organization.orgTest@52b1beb6]" started-at="2025-02-28T20:41:26 IST" name="configBS" finished-at="2025-02-28T20:41:26 IST" duration-ms="16" status="PASS">
          <reporter-output>
            <line>
              <![CDATA[----- Database Connected-------]]>
            </line>
          </reporter-output>
        </test-method> <!-- configBS -->
        <test-method is-config="true" signature="btest()[pri:0, instance:organization.orgTest@52b1beb6]" started-at="2025-02-28T20:41:26 IST" name="btest" finished-at="2025-02-28T20:41:26 IST" duration-ms="1" status="PASS">
          <reporter-output>
            <line>
              <![CDATA[Pre condition]]>
            </line>
          </reporter-output>
        </test-method> <!-- btest -->
        <test-method is-config="true" signature="configBC()[pri:0, instance:organization.orgTest@52b1beb6]" started-at="2025-02-28T20:41:26 IST" name="configBC" finished-at="2025-02-28T20:41:30 IST" duration-ms="3774" status="PASS">
          <reporter-output>
            <line>
              <![CDATA[-----Launching the Browser]]>
            </line>
          </reporter-output>
        </test-method> <!-- configBC -->
        <test-method is-config="true" signature="configBM()[pri:0, instance:organization.orgTest@52b1beb6]" started-at="2025-02-28T20:41:30 IST" name="configBM" finished-at="2025-02-28T20:41:35 IST" duration-ms="5556" status="PASS">
          <reporter-output>
            <line>
              <![CDATA[------Login------]]>
            </line>
          </reporter-output>
        </test-method> <!-- configBM -->
        <test-method signature="orgNameIndPhNum()[pri:0, instance:organization.orgTest@52b1beb6]" started-at="2025-02-28T20:41:35 IST" name="orgNameIndPhNum" finished-at="2025-02-28T20:41:38 IST" duration-ms="2256" status="FAIL">
          <exception class="java.lang.IllegalStateException">
            <message>
              <![CDATA[Cannot get a STRING value from a NUMERIC cell]]>
            </message>
            <full-stacktrace>
              <![CDATA[java.lang.IllegalStateException: Cannot get a STRING value from a NUMERIC cell
at org.apache.poi.xssf.usermodel.XSSFCell.typeMismatch(XSSFCell.java:987)
at org.apache.poi.xssf.usermodel.XSSFCell.getRichStringCellValue(XSSFCell.java:336)
at org.apache.poi.xssf.usermodel.XSSFCell.getStringCellValue(XSSFCell.java:280)
at genricUtility.FileUtility.getDatafromExcelFile(FileUtility.java:27)
at organization.orgTest.orgNameIndPhNum(orgTest.java:49)
at java.base/jdk.internal.reflect.DirectMethodHandleAccessor.invoke(DirectMethodHandleAccessor.java:103)
at java.base/java.lang.reflect.Method.invoke(Method.java:580)
at org.testng.internal.MethodInvocationHelper.invokeMethod(MethodInvocationHelper.java:133)
at org.testng.internal.TestInvoker.invokeMethod(TestInvoker.java:598)
at org.testng.internal.TestInvoker.invokeTestMethod(TestInvoker.java:173)
at org.testng.internal.MethodRunner.runInSequence(MethodRunner.java:46)
at org.testng.internal.TestInvoker$MethodInvocationAgent.invoke(TestInvoker.java:824)
at org.testng.internal.TestInvoker.invokeTestMethods(TestInvoker.java:146)
at org.testng.internal.TestMethodWorker.invokeTestMethods(TestMethodWorker.java:146)
at org.testng.internal.TestMethodWorker.run(TestMethodWorker.java:128)
at java.base/java.util.ArrayList.forEach(ArrayList.java:1596)
at org.testng.TestRunner.privateRun(TestRunner.java:794)
at org.testng.TestRunner.run(TestRunner.java:596)
at org.testng.SuiteRunner.runTest(SuiteRunner.java:377)
at org.testng.SuiteRunner.runSequentially(SuiteRunner.java:371)
at org.testng.SuiteRunner.privateRun(SuiteRunner.java:332)
at org.testng.SuiteRunner.run(SuiteRunner.java:276)
at org.testng.SuiteRunnerWorker.runSuite(SuiteRunnerWorker.java:53)
at org.testng.SuiteRunnerWorker.run(SuiteRunnerWorker.java:96)
at org.testng.TestNG.runSuitesSequentially(TestNG.java:1212)
at org.testng.TestNG.runSuitesLocally(TestNG.java:1134)
at org.testng.TestNG.runSuites(TestNG.java:1063)
at org.testng.TestNG.run(TestNG.java:1031)
at org.testng.remote.AbstractRemoteTestNG.run(AbstractRemoteTestNG.java:115)
at org.testng.remote.RemoteTestNG.initAndRun(RemoteTestNG.java:293)
at org.testng.remote.RemoteTestNG.main(RemoteTestNG.java:91)
]]>
            </full-stacktrace>
          </exception> <!-- java.lang.IllegalStateException -->
          <reporter-output>
          </reporter-output>
        </test-method> <!-- orgNameIndPhNum -->
        <test-method is-config="true" signature="ConfigAM()[pri:0, instance:organization.orgTest@52b1beb6]" started-at="2025-02-28T20:41:38 IST" name="ConfigAM" finished-at="2025-02-28T20:41:44 IST" duration-ms="6257" status="PASS">
          <reporter-output>
            <line>
              <![CDATA[--------LogOut]]>
            </line>
          </reporter-output>
        </test-method> <!-- ConfigAM -->
        <test-method is-config="true" signature="configAC()[pri:0, instance:organization.orgTest@52b1beb6]" started-at="2025-02-28T20:41:44 IST" name="configAC" finished-at="2025-02-28T20:41:44 IST" duration-ms="413" status="PASS">
          <reporter-output>
            <line>
              <![CDATA[Close Browser]]>
            </line>
          </reporter-output>
        </test-method> <!-- configAC -->
        <test-method is-config="true" signature="configAT()[pri:0, instance:organization.orgTest@52b1beb6]" started-at="2025-02-28T20:41:44 IST" name="configAT" finished-at="2025-02-28T20:41:44 IST" duration-ms="0" status="PASS">
          <reporter-output>
            <line>
              <![CDATA[Post condition]]>
            </line>
          </reporter-output>
        </test-method> <!-- configAT -->
        <test-method is-config="true" signature="configAS()[pri:0, instance:organization.orgTest@52b1beb6]" started-at="2025-02-28T20:41:44 IST" name="configAS" finished-at="2025-02-28T20:41:44 IST" duration-ms="0" status="PASS">
          <reporter-output>
            <line>
              <![CDATA[-----Close DB, Report backUp------]]>
            </line>
          </reporter-output>
        </test-method> <!-- configAS -->
      </class> <!-- organization.orgTest -->
    </test> <!-- Default test -->
  </suite> <!-- Default suite -->
</testng-results>
