<?xml version="1.0" encoding="UTF-8"?>
<!-- Generated by org.testng.reporters.JUnitXMLReporter -->
<testsuite ignored="3" hostname="Laptop" failures="0" tests="1" name="Test" time="0.073" errors="0" timestamp="2025-03-03T13:59:01 IST">
  <testcase classname="organization.orgTest" name="add" time="0.017"/>
  <testcase classname="organization.orgTest" name="orgNameIndPhNum" time="0.0">
    <ignored/>
  </testcase> <!-- orgNameIndPhNum -->
  <testcase classname="organization.orgTest" name="orgNameWithIndustryTest" time="0.0">
    <ignored/>
  </testcase> <!-- orgNameWithIndustryTest -->
  <testcase classname="organization.orgTest" name="CreateOrgNameTest" time="0.0">
    <ignored/>
  </testcase> <!-- CreateOrgNameTest -->
</testsuite> <!-- Test -->
